<?xml version="1.0" encoding="UTF-8"?>
<!-- Generated by org.testng.reporters.JUnitReportReporter -->
<testsuite skipped="0" hostname="DESKTOP-8EL6NRT" name="PersonalLearning.HomePage" tests="2" failures="0" timestamp="2020-03-09T22:57:37 IST" time="45.293" errors="0">
  <testcase name="basePageNavigation" time="24.402" classname="PersonalLearning.HomePage"/>
  <system-out/>
  <testcase name="basePageNavigation" time="20.891" classname="PersonalLearning.HomePage"/>
  <system-out/>
</testsuite> <!-- PersonalLearning.HomePage -->
